Movie Catalogue/app/build/intermediates/manifest_merge_blame_file/debug/manifest-merger-blame-debug-report.txt
1<?xml version="1.0" encoding="utf-8"?>
2<manifest xmlns:android="http://schemas.android.com/apk/res/android"
3    package="com.rudi.moviedb"
4    android:versionCode="1"
5    android:versionName="1.0" >
6
7    <uses-sdk
8        android:minSdkVersion="21"
8-->src/main/AndroidManifest.xml
9        android:targetSdkVersion="29" />
9-->src/main/AndroidManifest.xml
10
11    <uses-permission android:name="android.permission.INTERNET" />
11-->src/main/AndroidManifest.xml:6:5-67
11-->src/main/AndroidManifest.xml:6:22-64
12    <uses-permission android:name="android.permission.WAKE_LOCK" />
12-->src/main/AndroidManifest.xml:7:5-68
12-->src/main/AndroidManifest.xml:7:22-65
13    <uses-permission android:name="android.permission.VIBRATE" />
13-->src/main/AndroidManifest.xml:8:5-66
13-->src/main/AndroidManifest.xml:8:22-63
14    <uses-permission android:name="android.permission.ACCESS_NETWORK_STATE" />
14-->[io.realm:realm-android-library-object-server:5.1.0] AndroidManifest.xml:10:5-79
14-->[io.realm:realm-android-library-object-server:5.1.0] AndroidManifest.xml:10:22-76
15
16    <application
16-->src/main/AndroidManifest.xml:10:5-43:19
17        android:allowBackup="true"
17-->src/main/AndroidManifest.xml:11:9-35
18        android:appComponentFactory="androidx.core.app.CoreComponentFactory"
18-->[androidx.core:core:1.3.0] AndroidManifest.xml:24:18-86
19        android:debuggable="true"
20        android:icon="@mipmap/ic_launcher"
20-->src/main/AndroidManifest.xml:12:9-43
21        android:label="@string/app_name"
21-->src/main/AndroidManifest.xml:13:9-41
22        android:roundIcon="@mipmap/ic_launcher_round"
22-->src/main/AndroidManifest.xml:14:9-54
23        android:supportsRtl="true"
23-->src/main/AndroidManifest.xml:15:9-35
24        android:testOnly="true"
25        android:theme="@style/AppTheme"
25-->src/main/AndroidManifest.xml:16:9-40
26        android:usesCleartextTraffic="true" >
26-->src/main/AndroidManifest.xml:17:9-44
27        <activity android:name="com.rudi.moviedb.activities.SettingActivity" />
27-->src/main/AndroidManifest.xml:18:9-64
27-->src/main/AndroidManifest.xml:18:19-61
28        <activity android:name="com.rudi.moviedb.activities.DetailMovieActivity" />
28-->src/main/AndroidManifest.xml:19:9-68
28-->src/main/AndroidManifest.xml:19:19-65
29        <activity android:name="com.rudi.moviedb.activities.DetailTelevisionActivity" />
29-->src/main/AndroidManifest.xml:20:9-73
29-->src/main/AndroidManifest.xml:20:19-70
30        <activity
30-->src/main/AndroidManifest.xml:21:9-30:20
31            android:name="com.rudi.moviedb.activities.MainActivity"
31-->src/main/AndroidManifest.xml:22:13-52
32            android:configChanges="keyboardHidden|orientation|screenSize"
32-->src/main/AndroidManifest.xml:23:13-74
33            android:windowSoftInputMode="adjustPan" >
33-->src/main/AndroidManifest.xml:24:13-52
34            <intent-filter>
34-->src/main/AndroidManifest.xml:25:13-29:29
35                <action android:name="android.intent.action.MAIN" />
35-->src/main/AndroidManifest.xml:26:17-69
35-->src/main/AndroidManifest.xml:26:25-66
36
37                <category android:name="android.intent.category.LAUNCHER" />
37-->src/main/AndroidManifest.xml:28:17-77
37-->src/main/AndroidManifest.xml:28:27-74
38            </intent-filter>
39        </activity>
40
41        <receiver
41-->src/main/AndroidManifest.xml:32:9-36:47
42            android:name="com.rudi.moviedb.notification.NotificationReleaseReceiver"
42-->src/main/AndroidManifest.xml:33:13-69
43            android:enabled="true"
43-->src/main/AndroidManifest.xml:34:13-35
44            android:exported="true" />
44-->src/main/AndroidManifest.xml:35:13-36
45        <receiver
45-->src/main/AndroidManifest.xml:38:9-42:47
46            android:name="com.rudi.moviedb.notification.NotificationDailyReceiver"
46-->src/main/AndroidManifest.xml:39:13-67
47            android:enabled="true"
47-->src/main/AndroidManifest.xml:40:13-35
48            android:exported="true" />
48-->src/main/AndroidManifest.xml:41:13-36
49
50        <provider
50-->[androidx.lifecycle:lifecycle-process:2.2.0] AndroidManifest.xml:25:9-29:43
51            android:name="androidx.lifecycle.ProcessLifecycleOwnerInitializer"
51-->[androidx.lifecycle:lifecycle-process:2.2.0] AndroidManifest.xml:26:13-79
52            android:authorities="com.rudi.moviedb.lifecycle-process"
52-->[androidx.lifecycle:lifecycle-process:2.2.0] AndroidManifest.xml:27:13-69
53            android:exported="false"
53-->[androidx.lifecycle:lifecycle-process:2.2.0] AndroidManifest.xml:28:13-37
54            android:multiprocess="true" />
54-->[androidx.lifecycle:lifecycle-process:2.2.0] AndroidManifest.xml:29:13-40
55    </application>
56
57</manifest>